

times in msec
 clock   self+sourced   self:  sourced script
 clock   elapsed:              other lines

000.003  000.003: --- VIM STARTING ---
000.045  000.042: Allocated generic buffers
000.153  000.108: locale set
000.155  000.002: window checked
000.384  000.229: inits 1
000.399  000.015: parsing arguments
000.399  000.000: expanding arguments
000.403  000.004: shell init
000.547  000.144: Termcap init
000.556  000.009: inits 2
000.606  000.050: init highlight
000.744  000.093  000.093: sourcing /usr/share/vim/vim82/debian.vim
002.242  001.370  001.370: sourcing /usr/share/vim/vim82/colors/lists/default.vim
002.345  001.532  000.162: sourcing /usr/share/vim/vim82/syntax/syncolor.vim
002.427  001.638  000.106: sourcing /usr/share/vim/vim82/syntax/synload.vim
005.511  003.065  003.065: sourcing /usr/share/vim/vim82/filetype.vim
005.916  000.275  000.275: sourcing /usr/share/vim/vim82/scripts.vim
005.943  005.177  000.199: sourcing /usr/share/vim/vim82/syntax/syntax.vim
005.954  005.333  000.063: sourcing $VIM/vimrc
006.034  000.004  000.004: sourcing /usr/share/vim/vim82/filetype.vim
006.069  000.018  000.018: sourcing /usr/share/vim/vim82/ftplugin.vim
006.100  000.014  000.014: sourcing /usr/share/vim/vim82/indent.vim
006.427  000.231  000.231: sourcing /usr/share/vim/vim82/syntax/nosyntax.vim
006.584  000.096  000.096: sourcing /usr/share/vim/vim82/syntax/syncolor.vim
006.632  000.170  000.074: sourcing /usr/share/vim/vim82/syntax/synload.vim
006.671  000.488  000.087: sourcing /usr/share/vim/vim82/syntax/syntax.vim
006.688  000.719  000.195: sourcing $VIMRUNTIME/defaults.vim
006.689  000.031: sourcing vimrc file(s)
006.860  000.035  000.035: sourcing /usr/share/vim/vim82/plugin/getscriptPlugin.vim
006.973  000.108  000.108: sourcing /usr/share/vim/vim82/plugin/gzip.vim
007.092  000.114  000.114: sourcing /usr/share/vim/vim82/plugin/logiPat.vim
007.111  000.013  000.013: sourcing /usr/share/vim/vim82/plugin/manpager.vim
007.207  000.091  000.091: sourcing /usr/share/vim/vim82/plugin/matchparen.vim
007.579  000.367  000.367: sourcing /usr/share/vim/vim82/plugin/netrwPlugin.vim
007.601  000.007  000.007: sourcing /usr/share/vim/vim82/plugin/rrhelper.vim
007.619  000.012  000.012: sourcing /usr/share/vim/vim82/plugin/spellfile.vim
007.715  000.090  000.090: sourcing /usr/share/vim/vim82/plugin/tarPlugin.vim
007.787  000.063  000.063: sourcing /usr/share/vim/vim82/plugin/tohtml.vim
007.884  000.091  000.091: sourcing /usr/share/vim/vim82/plugin/vimballPlugin.vim
008.001  000.105  000.105: sourcing /usr/share/vim/vim82/plugin/zipPlugin.vim
008.003  000.218: loading plugins
008.039  000.036: loading packages
008.055  000.016: loading after plugins
008.058  000.003: inits 3
008.083  000.025: reading viminfo
008.087  000.004: setting raw mode
008.109  000.022: start termcap
008.118  000.009: clearing screen
008.176  000.058: opening buffers
008.193  000.017: BufEnter autocommands
008.194  000.001: editing files in windows
